[0m00:59:21.941885 [debug] [MainThread]: Sending event: {'category': 'dbt', 'action': 'invocation', 'label': 'start', 'context': [<snowplow_tracker.self_describing_json.SelfDescribingJson object at 0x7fc6ff9389d0>, <snowplow_tracker.self_describing_json.SelfDescribingJson object at 0x7fc6fde3b9a0>, <snowplow_tracker.self_describing_json.SelfDescribingJson object at 0x7fc6fde3ba00>]}


============================== 00:59:21.946113 | f25dcc95-51bd-4df1-9368-c0fe73d29b5c ==============================
[0m00:59:21.946113 [info ] [MainThread]: Running with dbt=1.8.3
[0m00:59:21.946986 [debug] [MainThread]: running dbt with arguments {'printer_width': '80', 'indirect_selection': 'eager', 'log_cache_events': 'False', 'write_json': 'True', 'partial_parse': 'True', 'cache_selected_only': 'False', 'warn_error': 'None', 'debug': 'False', 'fail_fast': 'False', 'log_path': 'logs', 'version_check': 'True', 'profiles_dir': '/home/rishabh/.dbt', 'use_colors': 'True', 'use_experimental_parser': 'False', 'empty': 'None', 'quiet': 'False', 'no_print': 'None', 'log_format': 'default', 'introspect': 'True', 'warn_error_options': 'WarnErrorOptions(include=[], exclude=[])', 'static_parser': 'True', 'target_path': 'None', 'invocation_command': 'dbt init dbt_project', 'send_anonymous_usage_stats': 'True'}
[0m00:59:21.956164 [info ] [MainThread]: A project called dbt_project already exists here.
[0m00:59:21.958565 [debug] [MainThread]: Resource report: {"command_name": "init", "command_success": true, "command_wall_clock_time": 0.07611721, "process_user_time": 1.765069, "process_kernel_time": 1.188299, "process_mem_max_rss": "121132", "process_in_blocks": "240", "process_out_blocks": "8"}
[0m00:59:21.959684 [debug] [MainThread]: Command `dbt init` succeeded at 00:59:21.959472 after 0.08 seconds
[0m00:59:21.960455 [debug] [MainThread]: Sending event: {'category': 'dbt', 'action': 'invocation', 'label': 'end', 'context': [<snowplow_tracker.self_describing_json.SelfDescribingJson object at 0x7fc6ff9389d0>, <snowplow_tracker.self_describing_json.SelfDescribingJson object at 0x7fc6fde3b580>, <snowplow_tracker.self_describing_json.SelfDescribingJson object at 0x7fc6fde3b940>]}
[0m00:59:21.961195 [debug] [MainThread]: Flushing usage events
[0m02:28:50.264592 [debug] [MainThread]: Sending event: {'category': 'dbt', 'action': 'invocation', 'label': 'start', 'context': [<snowplow_tracker.self_describing_json.SelfDescribingJson object at 0x7f4bd948cb20>, <snowplow_tracker.self_describing_json.SelfDescribingJson object at 0x7f4bd79a3820>, <snowplow_tracker.self_describing_json.SelfDescribingJson object at 0x7f4bd79a3880>]}


============================== 02:28:50.267357 | 36bded27-0ebc-46ed-bc94-e574328be1f6 ==============================
[0m02:28:50.267357 [info ] [MainThread]: Running with dbt=1.8.3
[0m02:28:50.268054 [debug] [MainThread]: running dbt with arguments {'printer_width': '80', 'indirect_selection': 'eager', 'write_json': 'True', 'log_cache_events': 'False', 'partial_parse': 'True', 'cache_selected_only': 'False', 'profiles_dir': '/home/rishabh/.dbt', 'fail_fast': 'False', 'warn_error': 'None', 'log_path': 'logs', 'version_check': 'True', 'debug': 'False', 'use_colors': 'True', 'use_experimental_parser': 'False', 'empty': 'None', 'quiet': 'False', 'no_print': 'None', 'warn_error_options': 'WarnErrorOptions(include=[], exclude=[])', 'static_parser': 'True', 'invocation_command': 'dbt debug', 'introspect': 'True', 'target_path': 'None', 'log_format': 'default', 'send_anonymous_usage_stats': 'True'}
[0m02:28:50.276100 [info ] [MainThread]: dbt version: 1.8.3
[0m02:28:50.276797 [info ] [MainThread]: python version: 3.10.12
[0m02:28:50.277310 [info ] [MainThread]: python path: /usr/bin/python3
[0m02:28:50.277764 [info ] [MainThread]: os info: Linux-5.15.146.1-microsoft-standard-WSL2-x86_64-with-glibc2.35
[0m02:28:50.920708 [info ] [MainThread]: Using profiles dir at /home/rishabh/.dbt
[0m02:28:50.921358 [info ] [MainThread]: Using profiles.yml file at /home/rishabh/.dbt/profiles.yml
[0m02:28:50.922005 [info ] [MainThread]: Using dbt_project.yml file at /home/rishabh/marketing_attribution_project/dbt_project.yml
[0m02:28:50.923570 [info ] [MainThread]: adapter type: snowflake
[0m02:28:50.924160 [info ] [MainThread]: adapter version: 1.8.3
[0m02:28:50.924637 [info ] [MainThread]: Configuration:
[0m02:28:50.925105 [info ] [MainThread]:   profiles.yml file [[32mOK found and valid[0m]
[0m02:28:50.925591 [info ] [MainThread]:   dbt_project.yml file [[31mERROR not found[0m]
[0m02:28:50.926077 [info ] [MainThread]: Required dependencies:
[0m02:28:50.926574 [debug] [MainThread]: Executing "git --help"
[0m02:28:50.928641 [debug] [MainThread]: STDOUT: "b"usage: git [--version] [--help] [-C <path>] [-c <name>=<value>]\n           [--exec-path[=<path>]] [--html-path] [--man-path] [--info-path]\n           [-p | --paginate | -P | --no-pager] [--no-replace-objects] [--bare]\n           [--git-dir=<path>] [--work-tree=<path>] [--namespace=<name>]\n           [--super-prefix=<path>] [--config-env=<name>=<envvar>]\n           <command> [<args>]\n\nThese are common Git commands used in various situations:\n\nstart a working area (see also: git help tutorial)\n   clone     Clone a repository into a new directory\n   init      Create an empty Git repository or reinitialize an existing one\n\nwork on the current change (see also: git help everyday)\n   add       Add file contents to the index\n   mv        Move or rename a file, a directory, or a symlink\n   restore   Restore working tree files\n   rm        Remove files from the working tree and from the index\n\nexamine the history and state (see also: git help revisions)\n   bisect    Use binary search to find the commit that introduced a bug\n   diff      Show changes between commits, commit and working tree, etc\n   grep      Print lines matching a pattern\n   log       Show commit logs\n   show      Show various types of objects\n   status    Show the working tree status\n\ngrow, mark and tweak your common history\n   branch    List, create, or delete branches\n   commit    Record changes to the repository\n   merge     Join two or more development histories together\n   rebase    Reapply commits on top of another base tip\n   reset     Reset current HEAD to the specified state\n   switch    Switch branches\n   tag       Create, list, delete or verify a tag object signed with GPG\n\ncollaborate (see also: git help workflows)\n   fetch     Download objects and refs from another repository\n   pull      Fetch from and integrate with another repository or a local branch\n   push      Update remote refs along with associated objects\n\n'git help -a' and 'git help -g' list available subcommands and some\nconcept guides. See 'git help <command>' or 'git help <concept>'\nto read about a specific subcommand or concept.\nSee 'git help git' for an overview of the system.\n""
[0m02:28:50.929294 [debug] [MainThread]: STDERR: "b''"
[0m02:28:50.929761 [info ] [MainThread]:  - git [[32mOK found[0m]

[0m02:28:50.930546 [info ] [MainThread]: Connection:
[0m02:28:50.931306 [info ] [MainThread]:   account: izsivyt-mh30823.snowflakecomputing.com
[0m02:28:50.931969 [info ] [MainThread]:   user: rishabhjane
[0m02:28:50.932644 [info ] [MainThread]:   database: marketing_project
[0m02:28:50.933278 [info ] [MainThread]:   warehouse: COMPUTE_WH
[0m02:28:50.933874 [info ] [MainThread]:   role: ACCOUNTADMIN
[0m02:28:50.934639 [info ] [MainThread]:   schema: analytics
[0m02:28:50.935463 [info ] [MainThread]:   authenticator: None
[0m02:28:50.936139 [info ] [MainThread]:   oauth_client_id: None
[0m02:28:50.936762 [info ] [MainThread]:   query_tag: None
[0m02:28:50.937762 [info ] [MainThread]:   client_session_keep_alive: False
[0m02:28:50.938444 [info ] [MainThread]:   host: None
[0m02:28:50.939074 [info ] [MainThread]:   port: None
[0m02:28:50.939654 [info ] [MainThread]:   proxy_host: None
[0m02:28:50.940209 [info ] [MainThread]:   proxy_port: None
[0m02:28:50.940808 [info ] [MainThread]:   protocol: None
[0m02:28:50.941773 [info ] [MainThread]:   connect_retries: 1
[0m02:28:50.942902 [info ] [MainThread]:   connect_timeout: None
[0m02:28:50.943756 [info ] [MainThread]:   retry_on_database_errors: False
[0m02:28:50.944587 [info ] [MainThread]:   retry_all: False
[0m02:28:50.945495 [info ] [MainThread]:   insecure_mode: False
[0m02:28:50.946381 [info ] [MainThread]:   reuse_connections: None
[0m02:28:50.947729 [info ] [MainThread]: Registered adapter: snowflake=1.8.3
[0m02:28:50.954092 [debug] [MainThread]: Acquiring new snowflake connection 'debug'
[0m02:28:50.955964 [debug] [MainThread]: Using snowflake connection "debug"
[0m02:28:50.956974 [debug] [MainThread]: On debug: select 1 as id
[0m02:28:50.958008 [debug] [MainThread]: Opening a new connection, currently in state init
[0m02:28:55.854333 [debug] [MainThread]: Snowflake adapter: Error running SQL: select 1 as id
[0m02:28:55.854797 [debug] [MainThread]: Snowflake adapter: Rolling back transaction.
[0m02:28:55.855174 [debug] [MainThread]: On debug: No close available on handle
[0m02:28:55.855670 [info ] [MainThread]:   Connection test: [[31mERROR[0m]

[0m02:28:55.856218 [info ] [MainThread]: [31m2 checks failed:[0m
[0m02:28:55.856745 [info ] [MainThread]: Project loading failed for the following reason:
 project path </home/rishabh/marketing_attribution_project/dbt_project.yml> not found

[0m02:28:55.857356 [info ] [MainThread]: dbt was unable to connect to the specified database.
The database returned the following error:

  >Database Error
  250001: Could not connect to Snowflake backend after 2 attempt(s).Aborting

Check your database credentials and try again. For more information, visit:
https://docs.getdbt.com/docs/configure-your-profile


[0m02:28:55.858372 [debug] [MainThread]: Resource report: {"command_name": "debug", "command_wall_clock_time": 5.648632, "process_user_time": 2.634667, "process_kernel_time": 1.183921, "process_mem_max_rss": "235140", "process_in_blocks": "2208", "process_out_blocks": "32", "command_success": false}
[0m02:28:55.859129 [debug] [MainThread]: Command `dbt debug` failed at 02:28:55.858987 after 5.65 seconds
[0m02:28:55.859588 [debug] [MainThread]: Connection 'debug' was properly closed.
[0m02:28:55.860055 [debug] [MainThread]: Sending event: {'category': 'dbt', 'action': 'invocation', 'label': 'end', 'context': [<snowplow_tracker.self_describing_json.SelfDescribingJson object at 0x7f4bd948cb20>, <snowplow_tracker.self_describing_json.SelfDescribingJson object at 0x7f4bcadd3340>, <snowplow_tracker.self_describing_json.SelfDescribingJson object at 0x7f4bcadd3250>]}
[0m02:28:55.860542 [debug] [MainThread]: Flushing usage events
[0m02:30:32.598799 [debug] [MainThread]: Sending event: {'category': 'dbt', 'action': 'invocation', 'label': 'start', 'context': [<snowplow_tracker.self_describing_json.SelfDescribingJson object at 0x7f6e88eccac0>, <snowplow_tracker.self_describing_json.SelfDescribingJson object at 0x7f6e873e7880>, <snowplow_tracker.self_describing_json.SelfDescribingJson object at 0x7f6e873e78e0>]}


============================== 02:30:32.601591 | b6d381ce-404d-4cfd-85f6-2c723d456493 ==============================
[0m02:30:32.601591 [info ] [MainThread]: Running with dbt=1.8.3
[0m02:30:32.602308 [debug] [MainThread]: running dbt with arguments {'printer_width': '80', 'indirect_selection': 'eager', 'log_cache_events': 'False', 'write_json': 'True', 'partial_parse': 'True', 'cache_selected_only': 'False', 'warn_error': 'None', 'version_check': 'True', 'fail_fast': 'False', 'log_path': 'logs', 'debug': 'False', 'profiles_dir': '/home/rishabh/.dbt', 'use_colors': 'True', 'use_experimental_parser': 'False', 'empty': 'None', 'quiet': 'False', 'no_print': 'None', 'log_format': 'default', 'static_parser': 'True', 'invocation_command': 'dbt debug', 'introspect': 'True', 'target_path': 'None', 'warn_error_options': 'WarnErrorOptions(include=[], exclude=[])', 'send_anonymous_usage_stats': 'True'}
[0m02:30:32.609962 [info ] [MainThread]: dbt version: 1.8.3
[0m02:30:32.610672 [info ] [MainThread]: python version: 3.10.12
[0m02:30:32.611313 [info ] [MainThread]: python path: /usr/bin/python3
[0m02:30:32.611966 [info ] [MainThread]: os info: Linux-5.15.146.1-microsoft-standard-WSL2-x86_64-with-glibc2.35
[0m02:30:33.211701 [info ] [MainThread]: Using profiles dir at /home/rishabh/.dbt
[0m02:30:33.212393 [info ] [MainThread]: Using profiles.yml file at /home/rishabh/.dbt/profiles.yml
[0m02:30:33.212952 [info ] [MainThread]: Using dbt_project.yml file at /home/rishabh/marketing_attribution_project/dbt_project.yml
[0m02:30:33.213753 [info ] [MainThread]: adapter type: snowflake
[0m02:30:33.214327 [info ] [MainThread]: adapter version: 1.8.3
[0m02:30:33.214845 [info ] [MainThread]: Configuration:
[0m02:30:33.215352 [info ] [MainThread]:   profiles.yml file [[32mOK found and valid[0m]
[0m02:30:33.215865 [info ] [MainThread]:   dbt_project.yml file [[31mERROR not found[0m]
[0m02:30:33.216432 [info ] [MainThread]: Required dependencies:
[0m02:30:33.217013 [debug] [MainThread]: Executing "git --help"
[0m02:30:33.219052 [debug] [MainThread]: STDOUT: "b"usage: git [--version] [--help] [-C <path>] [-c <name>=<value>]\n           [--exec-path[=<path>]] [--html-path] [--man-path] [--info-path]\n           [-p | --paginate | -P | --no-pager] [--no-replace-objects] [--bare]\n           [--git-dir=<path>] [--work-tree=<path>] [--namespace=<name>]\n           [--super-prefix=<path>] [--config-env=<name>=<envvar>]\n           <command> [<args>]\n\nThese are common Git commands used in various situations:\n\nstart a working area (see also: git help tutorial)\n   clone     Clone a repository into a new directory\n   init      Create an empty Git repository or reinitialize an existing one\n\nwork on the current change (see also: git help everyday)\n   add       Add file contents to the index\n   mv        Move or rename a file, a directory, or a symlink\n   restore   Restore working tree files\n   rm        Remove files from the working tree and from the index\n\nexamine the history and state (see also: git help revisions)\n   bisect    Use binary search to find the commit that introduced a bug\n   diff      Show changes between commits, commit and working tree, etc\n   grep      Print lines matching a pattern\n   log       Show commit logs\n   show      Show various types of objects\n   status    Show the working tree status\n\ngrow, mark and tweak your common history\n   branch    List, create, or delete branches\n   commit    Record changes to the repository\n   merge     Join two or more development histories together\n   rebase    Reapply commits on top of another base tip\n   reset     Reset current HEAD to the specified state\n   switch    Switch branches\n   tag       Create, list, delete or verify a tag object signed with GPG\n\ncollaborate (see also: git help workflows)\n   fetch     Download objects and refs from another repository\n   pull      Fetch from and integrate with another repository or a local branch\n   push      Update remote refs along with associated objects\n\n'git help -a' and 'git help -g' list available subcommands and some\nconcept guides. See 'git help <command>' or 'git help <concept>'\nto read about a specific subcommand or concept.\nSee 'git help git' for an overview of the system.\n""
[0m02:30:33.219812 [debug] [MainThread]: STDERR: "b''"
[0m02:30:33.220273 [info ] [MainThread]:  - git [[32mOK found[0m]

[0m02:30:33.220827 [info ] [MainThread]: Connection:
[0m02:30:33.221467 [info ] [MainThread]:   account: izsivyt-mh30823.snowflakecomputing.com
[0m02:30:33.222123 [info ] [MainThread]:   user: rishabhjane
[0m02:30:33.222762 [info ] [MainThread]:   database: marketing_project
[0m02:30:33.223351 [info ] [MainThread]:   warehouse: COMPUTE_WH
[0m02:30:33.223918 [info ] [MainThread]:   role: ACCOUNTADMIN
[0m02:30:33.224472 [info ] [MainThread]:   schema: analytics
[0m02:30:33.225025 [info ] [MainThread]:   authenticator: None
[0m02:30:33.225724 [info ] [MainThread]:   oauth_client_id: None
[0m02:30:33.226489 [info ] [MainThread]:   query_tag: None
[0m02:30:33.227180 [info ] [MainThread]:   client_session_keep_alive: False
[0m02:30:33.227966 [info ] [MainThread]:   host: None
[0m02:30:33.228821 [info ] [MainThread]:   port: None
[0m02:30:33.230298 [info ] [MainThread]:   proxy_host: None
[0m02:30:33.231152 [info ] [MainThread]:   proxy_port: None
[0m02:30:33.231977 [info ] [MainThread]:   protocol: None
[0m02:30:33.232888 [info ] [MainThread]:   connect_retries: 1
[0m02:30:33.233877 [info ] [MainThread]:   connect_timeout: None
[0m02:30:33.235141 [info ] [MainThread]:   retry_on_database_errors: False
[0m02:30:33.236175 [info ] [MainThread]:   retry_all: False
[0m02:30:33.237462 [info ] [MainThread]:   insecure_mode: False
[0m02:30:33.238602 [info ] [MainThread]:   reuse_connections: None
[0m02:30:33.240582 [info ] [MainThread]: Registered adapter: snowflake=1.8.3
[0m02:30:33.244129 [debug] [MainThread]: Acquiring new snowflake connection 'debug'
[0m02:30:33.246282 [debug] [MainThread]: Using snowflake connection "debug"
[0m02:30:33.247830 [debug] [MainThread]: On debug: select 1 as id
[0m02:30:33.249062 [debug] [MainThread]: Opening a new connection, currently in state init
[0m02:30:38.067414 [debug] [MainThread]: Snowflake adapter: Error running SQL: select 1 as id
[0m02:30:38.067868 [debug] [MainThread]: Snowflake adapter: Rolling back transaction.
[0m02:30:38.068247 [debug] [MainThread]: On debug: No close available on handle
[0m02:30:38.068657 [info ] [MainThread]:   Connection test: [[31mERROR[0m]

[0m02:30:38.069160 [info ] [MainThread]: [31m2 checks failed:[0m
[0m02:30:38.069590 [info ] [MainThread]: Project loading failed for the following reason:
 project path </home/rishabh/marketing_attribution_project/dbt_project.yml> not found

[0m02:30:38.070021 [info ] [MainThread]: dbt was unable to connect to the specified database.
The database returned the following error:

  >Database Error
  250001: Could not connect to Snowflake backend after 2 attempt(s).Aborting

Check your database credentials and try again. For more information, visit:
https://docs.getdbt.com/docs/configure-your-profile


[0m02:30:38.070957 [debug] [MainThread]: Resource report: {"command_name": "debug", "command_wall_clock_time": 5.523566, "process_user_time": 2.670392, "process_kernel_time": 1.162082, "process_mem_max_rss": "238352", "process_out_blocks": "32", "command_success": false, "process_in_blocks": "0"}
[0m02:30:38.071651 [debug] [MainThread]: Command `dbt debug` failed at 02:30:38.071526 after 5.52 seconds
[0m02:30:38.072119 [debug] [MainThread]: Connection 'debug' was properly closed.
[0m02:30:38.072540 [debug] [MainThread]: Sending event: {'category': 'dbt', 'action': 'invocation', 'label': 'end', 'context': [<snowplow_tracker.self_describing_json.SelfDescribingJson object at 0x7f6e88eccac0>, <snowplow_tracker.self_describing_json.SelfDescribingJson object at 0x7f6e7a817190>, <snowplow_tracker.self_describing_json.SelfDescribingJson object at 0x7f6e7a851930>]}
[0m02:30:38.072981 [debug] [MainThread]: Flushing usage events
[0m02:34:25.420185 [debug] [MainThread]: Sending event: {'category': 'dbt', 'action': 'invocation', 'label': 'start', 'context': [<snowplow_tracker.self_describing_json.SelfDescribingJson object at 0x7f103806cac0>, <snowplow_tracker.self_describing_json.SelfDescribingJson object at 0x7f103658b880>, <snowplow_tracker.self_describing_json.SelfDescribingJson object at 0x7f103658b8e0>]}


============================== 02:34:25.424001 | 58ee44cc-99aa-4caa-85d5-9fbe6ebaa174 ==============================
[0m02:34:25.424001 [info ] [MainThread]: Running with dbt=1.8.3
[0m02:34:25.425244 [debug] [MainThread]: running dbt with arguments {'printer_width': '80', 'indirect_selection': 'eager', 'write_json': 'True', 'log_cache_events': 'False', 'partial_parse': 'True', 'cache_selected_only': 'False', 'warn_error': 'None', 'fail_fast': 'False', 'profiles_dir': '/home/rishabh/.dbt', 'log_path': 'logs', 'debug': 'False', 'version_check': 'True', 'use_colors': 'True', 'use_experimental_parser': 'False', 'empty': 'None', 'quiet': 'False', 'no_print': 'None', 'warn_error_options': 'WarnErrorOptions(include=[], exclude=[])', 'invocation_command': 'dbt debug', 'log_format': 'default', 'static_parser': 'True', 'target_path': 'None', 'introspect': 'True', 'send_anonymous_usage_stats': 'True'}
[0m02:34:25.432383 [info ] [MainThread]: dbt version: 1.8.3
[0m02:34:25.433125 [info ] [MainThread]: python version: 3.10.12
[0m02:34:25.433845 [info ] [MainThread]: python path: /usr/bin/python3
[0m02:34:25.434481 [info ] [MainThread]: os info: Linux-5.15.146.1-microsoft-standard-WSL2-x86_64-with-glibc2.35
[0m02:34:26.038428 [info ] [MainThread]: Using profiles dir at /home/rishabh/.dbt
[0m02:34:26.039062 [info ] [MainThread]: Using profiles.yml file at /home/rishabh/.dbt/profiles.yml
[0m02:34:26.039548 [info ] [MainThread]: Using dbt_project.yml file at /home/rishabh/marketing_attribution_project/dbt_project.yml
[0m02:34:26.040282 [info ] [MainThread]: adapter type: snowflake
[0m02:34:26.040825 [info ] [MainThread]: adapter version: 1.8.3
[0m02:34:26.041358 [info ] [MainThread]: Configuration:
[0m02:34:26.041861 [info ] [MainThread]:   profiles.yml file [[32mOK found and valid[0m]
[0m02:34:26.042383 [info ] [MainThread]:   dbt_project.yml file [[31mERROR not found[0m]
[0m02:34:26.042884 [info ] [MainThread]: Required dependencies:
[0m02:34:26.043400 [debug] [MainThread]: Executing "git --help"
[0m02:34:26.045556 [debug] [MainThread]: STDOUT: "b"usage: git [--version] [--help] [-C <path>] [-c <name>=<value>]\n           [--exec-path[=<path>]] [--html-path] [--man-path] [--info-path]\n           [-p | --paginate | -P | --no-pager] [--no-replace-objects] [--bare]\n           [--git-dir=<path>] [--work-tree=<path>] [--namespace=<name>]\n           [--super-prefix=<path>] [--config-env=<name>=<envvar>]\n           <command> [<args>]\n\nThese are common Git commands used in various situations:\n\nstart a working area (see also: git help tutorial)\n   clone     Clone a repository into a new directory\n   init      Create an empty Git repository or reinitialize an existing one\n\nwork on the current change (see also: git help everyday)\n   add       Add file contents to the index\n   mv        Move or rename a file, a directory, or a symlink\n   restore   Restore working tree files\n   rm        Remove files from the working tree and from the index\n\nexamine the history and state (see also: git help revisions)\n   bisect    Use binary search to find the commit that introduced a bug\n   diff      Show changes between commits, commit and working tree, etc\n   grep      Print lines matching a pattern\n   log       Show commit logs\n   show      Show various types of objects\n   status    Show the working tree status\n\ngrow, mark and tweak your common history\n   branch    List, create, or delete branches\n   commit    Record changes to the repository\n   merge     Join two or more development histories together\n   rebase    Reapply commits on top of another base tip\n   reset     Reset current HEAD to the specified state\n   switch    Switch branches\n   tag       Create, list, delete or verify a tag object signed with GPG\n\ncollaborate (see also: git help workflows)\n   fetch     Download objects and refs from another repository\n   pull      Fetch from and integrate with another repository or a local branch\n   push      Update remote refs along with associated objects\n\n'git help -a' and 'git help -g' list available subcommands and some\nconcept guides. See 'git help <command>' or 'git help <concept>'\nto read about a specific subcommand or concept.\nSee 'git help git' for an overview of the system.\n""
[0m02:34:26.046266 [debug] [MainThread]: STDERR: "b''"
[0m02:34:26.046800 [info ] [MainThread]:  - git [[32mOK found[0m]

[0m02:34:26.047392 [info ] [MainThread]: Connection:
[0m02:34:26.048188 [info ] [MainThread]:   account: izsivyt-mh30823.snowflakecomputing.com
[0m02:34:26.048920 [info ] [MainThread]:   user: rishabhjane
[0m02:34:26.049598 [info ] [MainThread]:   database: marketing_project
[0m02:34:26.050271 [info ] [MainThread]:   warehouse: COMPUTE_WH
[0m02:34:26.050970 [info ] [MainThread]:   role: ACCOUNTADMIN
[0m02:34:26.051567 [info ] [MainThread]:   schema: analytics
[0m02:34:26.052155 [info ] [MainThread]:   authenticator: None
[0m02:34:26.052777 [info ] [MainThread]:   oauth_client_id: None
[0m02:34:26.053603 [info ] [MainThread]:   query_tag: None
[0m02:34:26.054468 [info ] [MainThread]:   client_session_keep_alive: False
[0m02:34:26.055230 [info ] [MainThread]:   host: None
[0m02:34:26.056094 [info ] [MainThread]:   port: None
[0m02:34:26.056976 [info ] [MainThread]:   proxy_host: None
[0m02:34:26.057806 [info ] [MainThread]:   proxy_port: None
[0m02:34:26.058574 [info ] [MainThread]:   protocol: None
[0m02:34:26.059247 [info ] [MainThread]:   connect_retries: 1
[0m02:34:26.059847 [info ] [MainThread]:   connect_timeout: None
[0m02:34:26.060419 [info ] [MainThread]:   retry_on_database_errors: False
[0m02:34:26.061060 [info ] [MainThread]:   retry_all: False
[0m02:34:26.061710 [info ] [MainThread]:   insecure_mode: False
[0m02:34:26.062460 [info ] [MainThread]:   reuse_connections: None
[0m02:34:26.063372 [info ] [MainThread]: Registered adapter: snowflake=1.8.3
[0m02:34:26.066579 [debug] [MainThread]: Acquiring new snowflake connection 'debug'
[0m02:34:26.068954 [debug] [MainThread]: Using snowflake connection "debug"
[0m02:34:26.070097 [debug] [MainThread]: On debug: select 1 as id
[0m02:34:26.070927 [debug] [MainThread]: Opening a new connection, currently in state init
[0m02:34:31.637631 [debug] [MainThread]: Snowflake adapter: Error running SQL: select 1 as id
[0m02:34:31.638301 [debug] [MainThread]: Snowflake adapter: Rolling back transaction.
[0m02:34:31.638937 [debug] [MainThread]: On debug: No close available on handle
[0m02:34:31.639562 [info ] [MainThread]:   Connection test: [[31mERROR[0m]

[0m02:34:31.640448 [info ] [MainThread]: [31m2 checks failed:[0m
[0m02:34:31.641340 [info ] [MainThread]: Project loading failed for the following reason:
 project path </home/rishabh/marketing_attribution_project/dbt_project.yml> not found

[0m02:34:31.642184 [info ] [MainThread]: dbt was unable to connect to the specified database.
The database returned the following error:

  >Database Error
  250001: Could not connect to Snowflake backend after 2 attempt(s).Aborting

Check your database credentials and try again. For more information, visit:
https://docs.getdbt.com/docs/configure-your-profile


[0m02:34:31.643494 [debug] [MainThread]: Resource report: {"command_name": "debug", "command_wall_clock_time": 6.2887673, "process_user_time": 2.699119, "process_kernel_time": 1.213737, "process_mem_max_rss": "236760", "process_out_blocks": "32", "command_success": false, "process_in_blocks": "0"}
[0m02:34:31.644405 [debug] [MainThread]: Command `dbt debug` failed at 02:34:31.644242 after 6.29 seconds
[0m02:34:31.645100 [debug] [MainThread]: Connection 'debug' was properly closed.
[0m02:34:31.645897 [debug] [MainThread]: Sending event: {'category': 'dbt', 'action': 'invocation', 'label': 'end', 'context': [<snowplow_tracker.self_describing_json.SelfDescribingJson object at 0x7f103806cac0>, <snowplow_tracker.self_describing_json.SelfDescribingJson object at 0x7f102d9bf190>, <snowplow_tracker.self_describing_json.SelfDescribingJson object at 0x7f102d775930>]}
[0m02:34:31.646779 [debug] [MainThread]: Flushing usage events
[0m02:35:28.793753 [debug] [MainThread]: Sending event: {'category': 'dbt', 'action': 'invocation', 'label': 'start', 'context': [<snowplow_tracker.self_describing_json.SelfDescribingJson object at 0x7f5e4adc4b50>, <snowplow_tracker.self_describing_json.SelfDescribingJson object at 0x7f5e494b37f0>, <snowplow_tracker.self_describing_json.SelfDescribingJson object at 0x7f5e494b3850>]}


============================== 02:35:28.797095 | 2ef58f83-e391-40e3-895a-67b1bd119cfb ==============================
[0m02:35:28.797095 [info ] [MainThread]: Running with dbt=1.8.3
[0m02:35:28.797907 [debug] [MainThread]: running dbt with arguments {'printer_width': '80', 'indirect_selection': 'eager', 'log_cache_events': 'False', 'write_json': 'True', 'partial_parse': 'True', 'cache_selected_only': 'False', 'profiles_dir': '/home/rishabh/.dbt', 'version_check': 'True', 'warn_error': 'None', 'log_path': 'logs', 'debug': 'False', 'fail_fast': 'False', 'use_colors': 'True', 'use_experimental_parser': 'False', 'no_print': 'None', 'quiet': 'False', 'empty': 'None', 'log_format': 'default', 'invocation_command': 'dbt debug', 'introspect': 'True', 'warn_error_options': 'WarnErrorOptions(include=[], exclude=[])', 'target_path': 'None', 'static_parser': 'True', 'send_anonymous_usage_stats': 'True'}
[0m02:35:28.806130 [info ] [MainThread]: dbt version: 1.8.3
[0m02:35:28.806999 [info ] [MainThread]: python version: 3.10.12
[0m02:35:28.807814 [info ] [MainThread]: python path: /usr/bin/python3
[0m02:35:28.808689 [info ] [MainThread]: os info: Linux-5.15.146.1-microsoft-standard-WSL2-x86_64-with-glibc2.35
[0m02:35:28.811153 [info ] [MainThread]: target not specified in profile 'marketing_attribution_project', using 'default'
[0m02:35:28.812261 [info ] [MainThread]: Using profiles dir at /home/rishabh/.dbt
[0m02:35:28.813113 [info ] [MainThread]: Using profiles.yml file at /home/rishabh/.dbt/profiles.yml
[0m02:35:28.813924 [info ] [MainThread]: Using dbt_project.yml file at /home/rishabh/marketing_attribution_project/dbt_project.yml
[0m02:35:28.814873 [info ] [MainThread]: Configuration:
[0m02:35:28.815951 [info ] [MainThread]:   profiles.yml file [[31mERROR invalid[0m]
[0m02:35:28.817296 [info ] [MainThread]:   dbt_project.yml file [[31mERROR not found[0m]
[0m02:35:28.819357 [info ] [MainThread]: Required dependencies:
[0m02:35:28.821170 [debug] [MainThread]: Executing "git --help"
[0m02:35:28.826680 [debug] [MainThread]: STDOUT: "b"usage: git [--version] [--help] [-C <path>] [-c <name>=<value>]\n           [--exec-path[=<path>]] [--html-path] [--man-path] [--info-path]\n           [-p | --paginate | -P | --no-pager] [--no-replace-objects] [--bare]\n           [--git-dir=<path>] [--work-tree=<path>] [--namespace=<name>]\n           [--super-prefix=<path>] [--config-env=<name>=<envvar>]\n           <command> [<args>]\n\nThese are common Git commands used in various situations:\n\nstart a working area (see also: git help tutorial)\n   clone     Clone a repository into a new directory\n   init      Create an empty Git repository or reinitialize an existing one\n\nwork on the current change (see also: git help everyday)\n   add       Add file contents to the index\n   mv        Move or rename a file, a directory, or a symlink\n   restore   Restore working tree files\n   rm        Remove files from the working tree and from the index\n\nexamine the history and state (see also: git help revisions)\n   bisect    Use binary search to find the commit that introduced a bug\n   diff      Show changes between commits, commit and working tree, etc\n   grep      Print lines matching a pattern\n   log       Show commit logs\n   show      Show various types of objects\n   status    Show the working tree status\n\ngrow, mark and tweak your common history\n   branch    List, create, or delete branches\n   commit    Record changes to the repository\n   merge     Join two or more development histories together\n   rebase    Reapply commits on top of another base tip\n   reset     Reset current HEAD to the specified state\n   switch    Switch branches\n   tag       Create, list, delete or verify a tag object signed with GPG\n\ncollaborate (see also: git help workflows)\n   fetch     Download objects and refs from another repository\n   pull      Fetch from and integrate with another repository or a local branch\n   push      Update remote refs along with associated objects\n\n'git help -a' and 'git help -g' list available subcommands and some\nconcept guides. See 'git help <command>' or 'git help <concept>'\nto read about a specific subcommand or concept.\nSee 'git help git' for an overview of the system.\n""
[0m02:35:28.828406 [debug] [MainThread]: STDERR: "b''"
[0m02:35:28.830076 [info ] [MainThread]:  - git [[32mOK found[0m]

[0m02:35:28.831844 [info ] [MainThread]: Connection test skipped since no profile was found
[0m02:35:28.833785 [info ] [MainThread]: [31m2 checks failed:[0m
[0m02:35:28.835401 [info ] [MainThread]: Could not load dbt_project.yml
Profile loading failed for the following reason:
Runtime Error
  outputs not specified in profile 'marketing_attribution_project'


[0m02:35:28.837292 [info ] [MainThread]: Project loading failed for the following reason:
 project path </home/rishabh/marketing_attribution_project/dbt_project.yml> not found

[0m02:35:28.840790 [debug] [MainThread]: Resource report: {"command_name": "debug", "command_wall_clock_time": 0.106780395, "process_user_time": 2.025024, "process_kernel_time": 1.067377, "process_mem_max_rss": "141836", "process_out_blocks": "24", "command_success": false, "process_in_blocks": "0"}
[0m02:35:28.843158 [debug] [MainThread]: Command `dbt debug` failed at 02:35:28.842850 after 0.11 seconds
[0m02:35:28.844198 [debug] [MainThread]: Sending event: {'category': 'dbt', 'action': 'invocation', 'label': 'end', 'context': [<snowplow_tracker.self_describing_json.SelfDescribingJson object at 0x7f5e4adc4b50>, <snowplow_tracker.self_describing_json.SelfDescribingJson object at 0x7f5e492c1570>, <snowplow_tracker.self_describing_json.SelfDescribingJson object at 0x7f5e492c1390>]}
[0m02:35:28.845342 [debug] [MainThread]: Flushing usage events
[0m02:36:05.656826 [debug] [MainThread]: Sending event: {'category': 'dbt', 'action': 'invocation', 'label': 'start', 'context': [<snowplow_tracker.self_describing_json.SelfDescribingJson object at 0x7fe9abff4b20>, <snowplow_tracker.self_describing_json.SelfDescribingJson object at 0x7fe9aa503820>, <snowplow_tracker.self_describing_json.SelfDescribingJson object at 0x7fe9aa503880>]}


============================== 02:36:05.659697 | e445ff07-fc16-46bb-ada6-421ccddf1b5d ==============================
[0m02:36:05.659697 [info ] [MainThread]: Running with dbt=1.8.3
[0m02:36:05.660386 [debug] [MainThread]: running dbt with arguments {'printer_width': '80', 'indirect_selection': 'eager', 'log_cache_events': 'False', 'write_json': 'True', 'partial_parse': 'True', 'cache_selected_only': 'False', 'warn_error': 'None', 'fail_fast': 'False', 'debug': 'False', 'log_path': 'logs', 'version_check': 'True', 'profiles_dir': '/home/rishabh/.dbt', 'use_colors': 'True', 'use_experimental_parser': 'False', 'no_print': 'None', 'quiet': 'False', 'empty': 'None', 'log_format': 'default', 'static_parser': 'True', 'warn_error_options': 'WarnErrorOptions(include=[], exclude=[])', 'introspect': 'True', 'target_path': 'None', 'invocation_command': 'dbt debug', 'send_anonymous_usage_stats': 'True'}
[0m02:36:05.669148 [info ] [MainThread]: dbt version: 1.8.3
[0m02:36:05.669905 [info ] [MainThread]: python version: 3.10.12
[0m02:36:05.670575 [info ] [MainThread]: python path: /usr/bin/python3
[0m02:36:05.671243 [info ] [MainThread]: os info: Linux-5.15.146.1-microsoft-standard-WSL2-x86_64-with-glibc2.35
[0m02:36:05.672885 [info ] [MainThread]: target not specified in profile 'marketing_attribution_project', using 'default'
[0m02:36:05.673670 [info ] [MainThread]: Using profiles dir at /home/rishabh/.dbt
[0m02:36:05.674420 [info ] [MainThread]: Using profiles.yml file at /home/rishabh/.dbt/profiles.yml
[0m02:36:05.675216 [info ] [MainThread]: Using dbt_project.yml file at /home/rishabh/marketing_attribution_project/dbt_project.yml
[0m02:36:05.676091 [info ] [MainThread]: Configuration:
[0m02:36:05.677010 [info ] [MainThread]:   profiles.yml file [[31mERROR invalid[0m]
[0m02:36:05.678027 [info ] [MainThread]:   dbt_project.yml file [[31mERROR not found[0m]
[0m02:36:05.679111 [info ] [MainThread]: Required dependencies:
[0m02:36:05.680301 [debug] [MainThread]: Executing "git --help"
[0m02:36:05.684415 [debug] [MainThread]: STDOUT: "b"usage: git [--version] [--help] [-C <path>] [-c <name>=<value>]\n           [--exec-path[=<path>]] [--html-path] [--man-path] [--info-path]\n           [-p | --paginate | -P | --no-pager] [--no-replace-objects] [--bare]\n           [--git-dir=<path>] [--work-tree=<path>] [--namespace=<name>]\n           [--super-prefix=<path>] [--config-env=<name>=<envvar>]\n           <command> [<args>]\n\nThese are common Git commands used in various situations:\n\nstart a working area (see also: git help tutorial)\n   clone     Clone a repository into a new directory\n   init      Create an empty Git repository or reinitialize an existing one\n\nwork on the current change (see also: git help everyday)\n   add       Add file contents to the index\n   mv        Move or rename a file, a directory, or a symlink\n   restore   Restore working tree files\n   rm        Remove files from the working tree and from the index\n\nexamine the history and state (see also: git help revisions)\n   bisect    Use binary search to find the commit that introduced a bug\n   diff      Show changes between commits, commit and working tree, etc\n   grep      Print lines matching a pattern\n   log       Show commit logs\n   show      Show various types of objects\n   status    Show the working tree status\n\ngrow, mark and tweak your common history\n   branch    List, create, or delete branches\n   commit    Record changes to the repository\n   merge     Join two or more development histories together\n   rebase    Reapply commits on top of another base tip\n   reset     Reset current HEAD to the specified state\n   switch    Switch branches\n   tag       Create, list, delete or verify a tag object signed with GPG\n\ncollaborate (see also: git help workflows)\n   fetch     Download objects and refs from another repository\n   pull      Fetch from and integrate with another repository or a local branch\n   push      Update remote refs along with associated objects\n\n'git help -a' and 'git help -g' list available subcommands and some\nconcept guides. See 'git help <command>' or 'git help <concept>'\nto read about a specific subcommand or concept.\nSee 'git help git' for an overview of the system.\n""
[0m02:36:05.685782 [debug] [MainThread]: STDERR: "b''"
[0m02:36:05.686766 [info ] [MainThread]:  - git [[32mOK found[0m]

[0m02:36:05.688170 [info ] [MainThread]: Connection test skipped since no profile was found
[0m02:36:05.689826 [info ] [MainThread]: [31m2 checks failed:[0m
[0m02:36:05.690910 [info ] [MainThread]: Could not load dbt_project.yml
Profile loading failed for the following reason:
Runtime Error
  outputs not specified in profile 'marketing_attribution_project'


[0m02:36:05.692038 [info ] [MainThread]: Project loading failed for the following reason:
 project path </home/rishabh/marketing_attribution_project/dbt_project.yml> not found

[0m02:36:05.696388 [debug] [MainThread]: Resource report: {"command_name": "debug", "command_wall_clock_time": 0.11137224, "process_user_time": 1.849999, "process_kernel_time": 1.183601, "process_mem_max_rss": "139756", "process_out_blocks": "16", "command_success": false, "process_in_blocks": "0"}
[0m02:36:05.698700 [debug] [MainThread]: Command `dbt debug` failed at 02:36:05.698349 after 0.11 seconds
[0m02:36:05.699695 [debug] [MainThread]: Sending event: {'category': 'dbt', 'action': 'invocation', 'label': 'end', 'context': [<snowplow_tracker.self_describing_json.SelfDescribingJson object at 0x7fe9abff4b20>, <snowplow_tracker.self_describing_json.SelfDescribingJson object at 0x7fe9aa50d5d0>, <snowplow_tracker.self_describing_json.SelfDescribingJson object at 0x7fe9aa50d3f0>]}
[0m02:36:05.700639 [debug] [MainThread]: Flushing usage events
